<?xml version="1.0" encoding="UTF-8"?>
<testng-results ignored="0" total="1" passed="1" failed="0" skipped="0">
  <reporter-output>
  </reporter-output>
  <suite started-at="2020-11-02T11:14:54 IST" name="Suite" finished-at="2020-11-02T11:16:14 IST" duration-ms="79700">
    <groups>
    </groups>
    <test started-at="2020-11-02T11:14:54 IST" name="Test" finished-at="2020-11-02T11:16:14 IST" duration-ms="79700">
      <class name="mySeleniumPackage.OpenFacebook">
        <test-method signature="testcase()[pri:0, instance:mySeleniumPackage.OpenFacebook@11a9e7c8]" started-at="2020-11-02T11:14:54 IST" name="testcase" finished-at="2020-11-02T11:16:14 IST" duration-ms="79651" status="PASS">
          <reporter-output>
          </reporter-output>
        </test-method> <!-- testcase -->
      </class> <!-- mySeleniumPackage.OpenFacebook -->
    </test> <!-- Test -->
  </suite> <!-- Suite -->
</testng-results>
